SF:lib\main.dart
DA:10,0
DA:12,0
DA:13,0
DA:17,0
DA:18,0
DA:20,0
DA:21,0
DA:23,0
DA:32,1
DA:33,1
DA:34,0
DA:36,0
DA:38,0
DA:40,0
DA:42,0
DA:44,0
DA:45,0
DA:46,0
DA:47,0
DA:48,0
DA:50,0
DA:58,0
DA:60,0
DA:62,0
DA:63,0
DA:64,0
DA:66,0
DA:67,0
DA:68,0
DA:69,0
DA:70,0
DA:72,0
DA:73,0
DA:74,0
DA:77,0
DA:79,0
DA:80,0
DA:81,0
DA:83,0
DA:84,0
DA:86,0
DA:87,0
DA:90,0
LF:43
LH:2
end_of_record
SF:lib\bloc\quote_state.dart
DA:6,0
DA:8,0
DA:9,0
DA:19,0
DA:21,0
DA:22,0
DA:28,0
DA:29,0
LF:8
LH:0
end_of_record
SF:lib\bloc\quote_bloc.dart
DA:11,0
DA:13,0
DA:14,0
DA:17,0
DA:18,0
DA:19,0
DA:21,0
DA:23,0
DA:24,0
DA:25,0
DA:27,0
LF:11
LH:0
end_of_record
SF:lib\reposotpry\quote_repository.dart
DA:8,0
DA:9,0
DA:11,0
LF:3
LH:0
end_of_record
SF:lib\data_model\quote.dart
DA:7,0
DA:9,0
DA:10,0
DA:12,0
DA:13,0
DA:14,0
DA:15,0
DA:16,0
LF:8
LH:0
end_of_record
SF:lib\data_provider\quote_api_client.dart
DA:11,0
DA:13,0
DA:14,0
DA:16,0
DA:18,0
DA:19,0
DA:22,0
DA:23,0
LF:8
LH:0
end_of_record
